<?xml version="1.0" encoding="UTF-8"?>
<!-- Generated by org.testng.reporters.JUnitReportReporter -->
<testsuite hostname="DESKTOP-E7DKT67" failures="0" tests="1" name="uk.co.automationtesting.OrderCompleteTest" time="21.354" errors="0" timestamp="2024-02-28T12:19:17 CET" skipped="0">
  <testcase classname="uk.co.automationtesting.OrderCompleteTest" name="endToEndTest" time="21.354"/>
  <system-out/>
</testsuite> <!-- uk.co.automationtesting.OrderCompleteTest -->
