<?xml version="1.0" encoding="UTF-8"?>
<!-- Generated by org.testng.reporters.JUnitReportReporter -->
<testsuite hostname="DESKTOP-E7DKT67" failures="0" tests="1" name="uk.co.automationtesting.AddRemoveItemBasketTest" time="9.617" errors="0" timestamp="2024-02-28T11:17:50 CET" skipped="0">
  <testcase classname="uk.co.automationtesting.AddRemoveItemBasketTest" name="addRemoveItem" time="9.617"/>
  <system-out/>
</testsuite> <!-- uk.co.automationtesting.AddRemoveItemBasketTest -->
